#
# There is insufficient memory for the Java Runtime Environment to continue.
# Native memory allocation (malloc) failed to allocate 394896 bytes for Chunk::new
# Possible reasons:
#   The system is out of physical RAM or swap space
#   In 32 bit mode, the process size limit was hit
# Possible solutions:
#   Reduce memory load on the system
#   Increase physical memory or swap space
#   Check if swap backing store is full
#   Use 64 bit Java on a 64 bit OS
#   Decrease Java heap size (-Xmx/-Xms)
#   Decrease number of Java threads
#   Decrease Java thread stack sizes (-Xss)
#   Set larger code cache with -XX:ReservedCodeCacheSize=
# This output file may be truncated or incomplete.
#
#  Out of Memory Error (allocation.cpp:390), pid=15836, tid=0x0000000000002438
#
# JRE version: Java(TM) SE Runtime Environment (8.0_121-b13) (build 1.8.0_121-b13)
# Java VM: Java HotSpot(TM) 64-Bit Server VM (25.121-b13 mixed mode windows-amd64 compressed oops)
# Failed to write core dump. Minidumps are not enabled by default on client versions of Windows
#

---------------  T H R E A D  ---------------

Current thread (0x00000000167fd000):  JavaThread "C2 CompilerThread0" daemon [_thread_in_native, id=9272, stack(0x0000000018140000,0x0000000018240000)]

Stack: [0x0000000018140000,0x0000000018240000]
[error occurred during error reporting (printing stack bounds), id 0xc0000005]

Native frames: (J=compiled Java code, j=interpreted, Vv=VM code, C=native code)


Current CompileTask:
C2: 505464 10878       4       org.apache.ivy.core.IvyPatternHelper::substituteTokens (638 bytes)


---------------  P R O C E S S  ---------------

Java Threads: ( => current thread )
  0x000000001cdbf000 JavaThread "Stdin handler" [_thread_blocked, id=14540, stack(0x0000000023e60000,0x0000000023f60000)]
  0x000000001cdc1800 JavaThread "Asynchronous log dispatcher for DefaultDaemonConnection: socket connection from /127.0.0.1:64726 to /127.0.0.1:51589" [_thread_blocked, id=13888, stack(0x0000000023d60000,0x0000000023e60000)]
  0x000000001cdbe800 JavaThread "Daemon worker Thread 2" [_thread_in_native, id=3516, stack(0x0000000023c60000,0x0000000023d60000)]
  0x000000001cdc3000 JavaThread "Cancel handler" [_thread_blocked, id=5256, stack(0x0000000023b60000,0x0000000023c60000)]
  0x000000001cdbb800 JavaThread "Handler for socket connection from /127.0.0.1:64726 to /127.0.0.1:51589" [_thread_in_native, id=15140, stack(0x0000000023a60000,0x0000000023b60000)]
  0x000000001cdba000 JavaThread "Daemon Thread 2" [_thread_blocked, id=15428, stack(0x0000000023960000,0x0000000023a60000)]
  0x000000001cdba800 JavaThread "pool-4-thread-3" [_thread_blocked, id=1984, stack(0x0000000023390000,0x0000000023490000)]
  0x0000000019da8000 JavaThread "pool-4-thread-2" [_thread_blocked, id=10628, stack(0x0000000022690000,0x0000000022790000)]
  0x0000000019dae800 JavaThread "pool-4-thread-1" [_thread_blocked, id=14040, stack(0x0000000022390000,0x0000000022490000)]
  0x0000000019da9800 JavaThread "File lock request listener" [_thread_in_native, id=3176, stack(0x000000001bcb0000,0x000000001bdb0000)]
  0x0000000019d63800 JavaThread "Incoming local TCP Connector on port 64726" [_thread_in_native, id=2632, stack(0x000000001b110000,0x000000001b210000)]
  0x00000000199b5000 JavaThread "pool-1-thread-1" [_thread_blocked, id=14844, stack(0x0000000019e10000,0x0000000019f10000)]
  0x0000000017bc7000 JavaThread "Service Thread" daemon [_thread_blocked, id=11836, stack(0x0000000018440000,0x0000000018540000)]
  0x0000000017b6f000 JavaThread "C1 CompilerThread2" daemon [_thread_blocked, id=8756, stack(0x0000000018340000,0x0000000018440000)]
  0x000000001684d800 JavaThread "C2 CompilerThread1" daemon [_thread_blocked, id=6324, stack(0x0000000018240000,0x0000000018340000)]
=>0x00000000167fd000 JavaThread "C2 CompilerThread0" daemon [_thread_in_native, id=9272, stack(0x0000000018140000,0x0000000018240000)]
  0x00000000167fb800 JavaThread "Attach Listener" daemon [_thread_blocked, id=13560, stack(0x0000000018040000,0x0000000018140000)]
  0x0000000017b48800 JavaThread "Signal Dispatcher" daemon [_thread_blocked, id=13688, stack(0x0000000017f40000,0x0000000018040000)]
  0x00000000167d9000 JavaThread "Finalizer" daemon [_thread_blocked, id=15688, stack(0x0000000017a40000,0x0000000017b40000)]
  0x0000000002e71000 JavaThread "Reference Handler" daemon [_thread_blocked, id=13436, stack(0x0000000017940000,0x0000000017a40000)]
  0x0000000002c7d800 JavaThread "main" [_thread_blocked, id=12224, stack(0x0000000002c80000,0x0000000002d80000)]

Other Threads:
  0x00000000167b6800 VMThread [stack: 0x0000000017840000,0x0000000017940000] [id=4052]
  0x0000000017c2c000 WatcherThread [stack: 0x0000000018540000,0x0000000018640000] [id=2656]

VM state:not at safepoint (normal execution)

VM Mutex/Monitor currently owned by a thread: None

Heap:
 PSYoungGen      total 249344K, used 90637K [0x00000000e0000000, 0x00000000f3380000, 0x0000000100000000)
  eden space 208896K, 43% used [0x00000000e0000000,0x00000000e58837a0,0x00000000ecc00000)
  from space 40448K, 0% used [0x00000000efa00000,0x00000000efa00000,0x00000000f2180000)
  to   space 47104K, 0% used [0x00000000ecc00000,0x00000000ecc00000,0x00000000efa00000)
 ParOldGen       total 91136K, used 59161K [0x00000000a0000000, 0x00000000a5900000, 0x00000000e0000000)
  object space 91136K, 64% used [0x00000000a0000000,0x00000000a39c6510,0x00000000a5900000)
 Metaspace       used 59139K, capacity 60992K, committed 61272K, reserved 1101824K
  class space    used 7839K, capacity 8221K, committed 8280K, reserved 1048576K

Card table byte_map: [0x0000000012240000,0x0000000012550000] byte_map_base: 0x0000000011d40000

Marking Bits: (ParMarkBitMap*) 0x000000005deab6d0
 Begin Bits: [0x0000000012b50000, 0x0000000014350000)
 End Bits:   [0x0000000014350000, 0x0000000015b50000)

Polling page: 0x0000000001210000

CodeCache: size=245760Kb used=29749Kb max_used=29763Kb free=216010Kb
 bounds [0x0000000002e80000, 0x0000000004bc0000, 0x0000000011e80000]
 total_blobs=9931 nmethods=9154 adapters=687
 compilation: enabled

Compilation events (10 events):
Event: 505.351 Thread 0x0000000017b6f000 10883       3       org.gradle.internal.resource.local.LazyLocallyAvailableResourceCandidates::<init> (10 bytes)
Event: 505.352 Thread 0x0000000017b6f000 nmethod 10883 0x0000000004ba6750 code [0x0000000004ba68a0, 0x0000000004ba6a70]
Event: 505.352 Thread 0x0000000017b6f000 10884       3       org.gradle.internal.resource.transport.file.FileTransport$NoOpCacheAwareExternalResourceAccessor::getResource (10 bytes)
Event: 505.352 Thread 0x000000001684d800 10885 %     4       org.gradle.internal.resource.ExternalResourceName::encode @ 11 (338 bytes)
Event: 505.352 Thread 0x0000000017b6f000 nmethod 10884 0x0000000004ba91d0 code [0x0000000004ba93a0, 0x0000000004ba9af8]
Event: 505.354 Thread 0x0000000017b6f000 10886       3       org.gradle.api.internal.artifacts.DefaultResolvedArtifact::getFile (33 bytes)
Event: 505.354 Thread 0x0000000017b6f000 nmethod 10886 0x0000000004ba8bd0 code [0x0000000004ba8d40, 0x0000000004ba90c8]
Event: 505.356 Thread 0x0000000017b6f000 10887       3       org.gradle.api.internal.artifacts.ivyservice.ivyresolve.RepositoryChainArtifactResolver::findSourceRepository (37 bytes)
Event: 505.357 Thread 0x0000000017b6f000 nmethod 10887 0x0000000004baefd0 code [0x0000000004baf1a0, 0x0000000004baf948]
Event: 505.378 Thread 0x000000001684d800 nmethod 10885% 0x0000000004bb3750 code [0x0000000004bb3900, 0x0000000004bb4718]

GC Heap History (10 events):
Event: 29.378 GC heap before
{Heap before GC invocations=17 (full 2):
 PSYoungGen      total 169472K, used 169461K [0x00000000e0000000, 0x00000000edf80000, 0x0000000100000000)
  eden space 145408K, 100% used [0x00000000e0000000,0x00000000e8e00000,0x00000000e8e00000)
  from space 24064K, 99% used [0x00000000eac80000,0x00000000ec3fd5b0,0x00000000ec400000)
  to   space 31232K, 0% used [0x00000000e8e00000,0x00000000e8e00000,0x00000000eac80000)
 ParOldGen       total 91136K, used 45068K [0x00000000a0000000, 0x00000000a5900000, 0x00000000e0000000)
  object space 91136K, 49% used [0x00000000a0000000,0x00000000a2c03100,0x00000000a5900000)
 Metaspace       used 53646K, capacity 55142K, committed 55256K, reserved 1097728K
  class space    used 7270K, capacity 7612K, committed 7640K, reserved 1048576K
Event: 29.457 GC heap after
Heap after GC invocations=17 (full 2):
 PSYoungGen      total 176640K, used 31222K [0x00000000e0000000, 0x00000000f2180000, 0x0000000100000000)
  eden space 145408K, 0% used [0x00000000e0000000,0x00000000e0000000,0x00000000e8e00000)
  from space 31232K, 99% used [0x00000000e8e00000,0x00000000eac7d988,0x00000000eac80000)
  to   space 40448K, 0% used [0x00000000efa00000,0x00000000efa00000,0x00000000f2180000)
 ParOldGen       total 91136K, used 57195K [0x00000000a0000000, 0x00000000a5900000, 0x00000000e0000000)
  object space 91136K, 62% used [0x00000000a0000000,0x00000000a37dac30,0x00000000a5900000)
 Metaspace       used 53646K, capacity 55142K, committed 55256K, reserved 1097728K
  class space    used 7270K, capacity 7612K, committed 7640K, reserved 1048576K
}
Event: 30.108 GC heap before
{Heap before GC invocations=18 (full 2):
 PSYoungGen      total 176640K, used 176630K [0x00000000e0000000, 0x00000000f2180000, 0x0000000100000000)
  eden space 145408K, 100% used [0x00000000e0000000,0x00000000e8e00000,0x00000000e8e00000)
  from space 31232K, 99% used [0x00000000e8e00000,0x00000000eac7d988,0x00000000eac80000)
  to   space 40448K, 0% used [0x00000000efa00000,0x00000000efa00000,0x00000000f2180000)
 ParOldGen       total 91136K, used 57195K [0x00000000a0000000, 0x00000000a5900000, 0x00000000e0000000)
  object space 91136K, 62% used [0x00000000a0000000,0x00000000a37dac30,0x00000000a5900000)
 Metaspace       used 53670K, capacity 55142K, committed 55256K, reserved 1097728K
  class space    used 7270K, capacity 7612K, committed 7640K, reserved 1048576K
Event: 30.220 GC heap after
Heap after GC invocations=18 (full 2):
 PSYoungGen      total 249344K, used 39645K [0x00000000e0000000, 0x00000000f3380000, 0x0000000100000000)
  eden space 208896K, 0% used [0x00000000e0000000,0x00000000e0000000,0x00000000ecc00000)
  from space 40448K, 98% used [0x00000000efa00000,0x00000000f20b7678,0x00000000f2180000)
  to   space 47104K, 0% used [0x00000000ecc00000,0x00000000ecc00000,0x00000000efa00000)
 ParOldGen       total 91136K, used 65537K [0x00000000a0000000, 0x00000000a5900000, 0x00000000e0000000)
  object space 91136K, 71% used [0x00000000a0000000,0x00000000a40005f0,0x00000000a5900000)
 Metaspace       used 53670K, capacity 55142K, committed 55256K, reserved 1097728K
  class space    used 7270K, capacity 7612K, committed 7640K, reserved 1048576K
}
Event: 32.980 GC heap before
{Heap before GC invocations=19 (full 2):
 PSYoungGen      total 249344K, used 248541K [0x00000000e0000000, 0x00000000f3380000, 0x0000000100000000)
  eden space 208896K, 100% used [0x00000000e0000000,0x00000000ecc00000,0x00000000ecc00000)
  from space 40448K, 98% used [0x00000000efa00000,0x00000000f20b7678,0x00000000f2180000)
  to   space 47104K, 0% used [0x00000000ecc00000,0x00000000ecc00000,0x00000000efa00000)
 ParOldGen       total 91136K, used 65537K [0x00000000a0000000, 0x00000000a5900000, 0x00000000e0000000)
  object space 91136K, 71% used [0x00000000a0000000,0x00000000a40005f0,0x00000000a5900000)
 Metaspace       used 54895K, capacity 56392K, committed 56664K, reserved 1097728K
  class space    used 7370K, capacity 7709K, committed 7768K, reserved 1048576K
Event: 33.087 GC heap after
Heap after GC invocations=19 (full 2):
 PSYoungGen      total 256000K, used 40907K [0x00000000e0000000, 0x00000000f3380000, 0x0000000100000000)
  eden space 208896K, 0% used [0x00000000e0000000,0x00000000e0000000,0x00000000ecc00000)
  from space 47104K, 86% used [0x00000000ecc00000,0x00000000ef3f2d18,0x00000000efa00000)
  to   space 40448K, 0% used [0x00000000efa00000,0x00000000efa00000,0x00000000f2180000)
 ParOldGen       total 91136K, used 73103K [0x00000000a0000000, 0x00000000a5900000, 0x00000000e0000000)
  object space 91136K, 80% used [0x00000000a0000000,0x00000000a4763db0,0x00000000a5900000)
 Metaspace       used 54895K, capacity 56392K, committed 56664K, reserved 1097728K
  class space    used 7370K, capacity 7709K, committed 7768K, reserved 1048576K
}
Event: 37.964 GC heap before
{Heap before GC invocations=20 (full 2):
 PSYoungGen      total 256000K, used 249299K [0x00000000e0000000, 0x00000000f3380000, 0x0000000100000000)
  eden space 208896K, 99% used [0x00000000e0000000,0x00000000ecb822b0,0x00000000ecc00000)
  from space 47104K, 86% used [0x00000000ecc00000,0x00000000ef3f2d18,0x00000000efa00000)
  to   space 40448K, 0% used [0x00000000efa00000,0x00000000efa00000,0x00000000f2180000)
 ParOldGen       total 91136K, used 73103K [0x00000000a0000000, 0x00000000a5900000, 0x00000000e0000000)
  object space 91136K, 80% used [0x00000000a0000000,0x00000000a4763db0,0x00000000a5900000)
 Metaspace       used 56964K, capacity 58664K, committed 58840K, reserved 1099776K
  class space    used 7669K, capacity 8059K, committed 8152K, reserved 1048576K
Event: 38.022 GC heap after
Heap after GC invocations=20 (full 2):
 PSYoungGen      total 249344K, used 30493K [0x00000000e0000000, 0x00000000f3380000, 0x0000000100000000)
  eden space 208896K, 0% used [0x00000000e0000000,0x00000000e0000000,0x00000000ecc00000)
  from space 40448K, 75% used [0x00000000efa00000,0x00000000f17c7710,0x00000000f2180000)
  to   space 47104K, 0% used [0x00000000ecc00000,0x00000000ecc00000,0x00000000efa00000)
 ParOldGen       total 91136K, used 84747K [0x00000000a0000000, 0x00000000a5900000, 0x00000000e0000000)
  object space 91136K, 92% used [0x00000000a0000000,0x00000000a52c2fe8,0x00000000a5900000)
 Metaspace       used 56964K, capacity 58664K, committed 58840K, reserved 1099776K
  class space    used 7669K, capacity 8059K, committed 8152K, reserved 1048576K
}
Event: 38.022 GC heap before
{Heap before GC invocations=21 (full 3):
 PSYoungGen      total 249344K, used 30493K [0x00000000e0000000, 0x00000000f3380000, 0x0000000100000000)
  eden space 208896K, 0% used [0x00000000e0000000,0x00000000e0000000,0x00000000ecc00000)
  from space 40448K, 75% used [0x00000000efa00000,0x00000000f17c7710,0x00000000f2180000)
  to   space 47104K, 0% used [0x00000000ecc00000,0x00000000ecc00000,0x00000000efa00000)
 ParOldGen       total 91136K, used 84747K [0x00000000a0000000, 0x00000000a5900000, 0x00000000e0000000)
  object space 91136K, 92% used [0x00000000a0000000,0x00000000a52c2fe8,0x00000000a5900000)
 Metaspace       used 56964K, capacity 58664K, committed 58840K, reserved 1099776K
  class space    used 7669K, capacity 8059K, committed 8152K, reserved 1048576K
Event: 38.514 GC heap after
Heap after GC invocations=21 (full 3):
 PSYoungGen      total 249344K, used 0K [0x00000000e0000000, 0x00000000f3380000, 0x0000000100000000)
  eden space 208896K, 0% used [0x00000000e0000000,0x00000000e0000000,0x00000000ecc00000)
  from space 40448K, 0% used [0x00000000efa00000,0x00000000efa00000,0x00000000f2180000)
  to   space 47104K, 0% used [0x00000000ecc00000,0x00000000ecc00000,0x00000000efa00000)
 ParOldGen       total 91136K, used 59161K [0x00000000a0000000, 0x00000000a5900000, 0x00000000e0000000)
  object space 91136K, 64% used [0x00000000a0000000,0x00000000a39c6510,0x00000000a5900000)
 Metaspace       used 56964K, capacity 58664K, committed 58840K, reserved 1099776K
  class space    used 7669K, capacity 8059K, committed 8152K, reserved 1048576K
}

Deoptimization events (10 events):
Event: 39.554 Thread 0x0000000019daa800 Uncommon trap: reason=speculate_class_check action=maybe_recompile pc=0x0000000003b8d768 method=sun.security.provider.DigestBase.engineReset()V @ 11
Event: 39.555 Thread 0x0000000019daa800 Uncommon trap: reason=speculate_class_check action=maybe_recompile pc=0x0000000003b8d768 method=sun.security.provider.DigestBase.engineReset()V @ 11
Event: 39.606 Thread 0x0000000019c96000 Uncommon trap: reason=predicate action=maybe_recompile pc=0x0000000003213c84 method=org.gradle.internal.logging.text.AbstractLineChoppingStyledTextOutput.doAppend(Ljava/lang/String;)V @ 10
Event: 39.617 Thread 0x0000000019da9000 Uncommon trap: reason=unstable_if action=reinterpret pc=0x0000000004290eb4 method=java.util.concurrent.locks.ReentrantLock$Sync.nonfairTryAcquire(I)Z @ 34
Event: 39.618 Thread 0x0000000019dac000 Uncommon trap: reason=unstable_if action=reinterpret pc=0x00000000039d5e74 method=java.util.concurrent.locks.ReentrantLock$Sync.nonfairTryAcquire(I)Z @ 34
Event: 39.820 Thread 0x0000000019c96000 Uncommon trap: reason=unstable_if action=reinterpret pc=0x0000000003111a5c method=java.util.concurrent.ConcurrentHashMap.clear()V @ 19
Event: 42.257 Thread 0x0000000019501000 Uncommon trap: reason=unstable_if action=reinterpret pc=0x00000000041851b4 method=com.esotericsoftware.kryo.io.Input.require(I)I @ 117
Event: 499.122 Thread 0x000000001cdbb800 Uncommon trap: reason=class_check action=maybe_recompile pc=0x00000000036862a0 method=java.lang.reflect.Array.newInstance(Ljava/lang/Class;I)Ljava/lang/Object; @ 2
Event: 499.146 Thread 0x000000001cdbe800 Uncommon trap: reason=unstable_if action=reinterpret pc=0x00000000039110c4 method=java.io.ObjectOutputStream$BlockDataOutputStream.getUTFLength(Ljava/lang/String;)J @ 73
Event: 499.146 Thread 0x000000001cdbe800 Uncommon trap: reason=unstable_if action=reinterpret pc=0x0000000003052c9c method=java.io.WinNTFileSystem.parentOrNull(Ljava/lang/String;)Ljava/lang/String; @ 62

Internal exceptions (10 events):
Event: 39.605 Thread 0x0000000019daa800 Exception <a 'java/lang/NoSuchMethodError': <clinit>> (0x00000000e1a86278) thrown at [C:\re\workspace\8-2-build-windows-amd64-cygwin\jdk8u121\8372\hotspot\src\share\vm\prims\jni.cpp, line 1613]
Event: 41.361 Thread 0x0000000019c96000 Exception <a 'sun/nio/fs/WindowsException'> (0x00000000e1c7e150) thrown at [C:\re\workspace\8-2-build-windows-amd64-cygwin\jdk8u121\8372\hotspot\src\share\vm\prims\jni.cpp, line 709]
Event: 42.246 Thread 0x00000000197c9000 Exception <a 'java/lang/NoSuchMethodError': <clinit>> (0x00000000e2764700) thrown at [C:\re\workspace\8-2-build-windows-amd64-cygwin\jdk8u121\8372\hotspot\src\share\vm\prims\jni.cpp, line 1613]
Event: 42.247 Thread 0x00000000197c9000 Exception <a 'java/lang/NoSuchMethodError': <clinit>> (0x00000000e2765a18) thrown at [C:\re\workspace\8-2-build-windows-amd64-cygwin\jdk8u121\8372\hotspot\src\share\vm\prims\jni.cpp, line 1613]
Event: 42.247 Thread 0x00000000197c9000 Exception <a 'java/lang/NoSuchMethodError': <clinit>> (0x00000000e276fbe8) thrown at [C:\re\workspace\8-2-build-windows-amd64-cygwin\jdk8u121\8372\hotspot\src\share\vm\prims\jni.cpp, line 1613]
Event: 42.248 Thread 0x00000000197c9000 Exception <a 'java/lang/NoSuchMethodError': <clinit>> (0x00000000e2779318) thrown at [C:\re\workspace\8-2-build-windows-amd64-cygwin\jdk8u121\8372\hotspot\src\share\vm\prims\jni.cpp, line 1613]
Event: 42.248 Thread 0x00000000197c9000 Exception <a 'java/lang/NoSuchMethodError': <clinit>> (0x00000000e277b160) thrown at [C:\re\workspace\8-2-build-windows-amd64-cygwin\jdk8u121\8372\hotspot\src\share\vm\prims\jni.cpp, line 1613]
Event: 42.256 Thread 0x0000000019501000 Exception <a 'java/lang/NoSuchMethodError': <clinit>> (0x00000000e29597d0) thrown at [C:\re\workspace\8-2-build-windows-amd64-cygwin\jdk8u121\8372\hotspot\src\share\vm\prims\jni.cpp, line 1613]
Event: 499.609 Thread 0x000000001cdbe800 Exception <a 'java/lang/ClassNotFoundException': asLocalRepo5583_dhxeb7lp1p1nk0kjafktyrdkrBeanInfo> (0x00000000e33d2c38) thrown at [C:\re\workspace\8-2-build-windows-amd64-cygwin\jdk8u121\8372\hotspot\src\share\vm\classfile\systemDictionary.cpp, line 210]
Event: 499.609 Thread 0x000000001cdbe800 Exception <a 'java/lang/ClassNotFoundException': asLocalRepo5583_dhxeb7lp1p1nk0kjafktyrdkrCustomizer> (0x00000000e33de240) thrown at [C:\re\workspace\8-2-build-windows-amd64-cygwin\jdk8u121\8372\hotspot\src\share\vm\classfile\systemDictionary.cpp, line 21

Events (10 events):
Event: 499.737 Executing VM operation: RevokeBias
Event: 499.737 Executing VM operation: RevokeBias done
Event: 499.893 Thread 0x000000001cdbe800 DEOPT PACKING pc=0x0000000003807b2d sp=0x0000000023d5ad80
Event: 499.893 Thread 0x000000001cdbe800 DEOPT UNPACKING pc=0x0000000002ec787f sp=0x0000000023d5acc8 mode 0
Event: 500.596 Thread 0x000000001cdbe800 DEOPT PACKING pc=0x0000000003936b73 sp=0x0000000023d5a410
Event: 500.596 Thread 0x000000001cdbe800 DEOPT UNPACKING pc=0x0000000002ec787f sp=0x0000000023d5a190 mode 0
Event: 500.690 Thread 0x000000001cdbe800 DEOPT PACKING pc=0x000000000390171d sp=0x0000000023d59d10
Event: 500.690 Thread 0x000000001cdbe800 DEOPT UNPACKING pc=0x0000000002ec787f sp=0x0000000023d59a38 mode 0
Event: 505.350 Thread 0x000000001cdbe800 DEOPT PACKING pc=0x00000000039c7580 sp=0x0000000023d5c2b0
Event: 505.350 Thread 0x000000001cdbe800 DEOPT UNPACKING pc=0x0000000002ec787f sp=0x0000000023d5c1a8 mode 0


Dynamic libraries:
0x00007ff649aa0000 - 0x00007ff649ad7000 	C:\Program Files\Java\jdk1.8.0_121\bin\java.exe
0x00007ffc2f370000 - 0x00007ffc2f541000 	C:\WINDOWS\SYSTEM32\ntdll.dll
0x00007ffc2eb50000 - 0x00007ffc2ebfc000 	C:\WINDOWS\System32\KERNEL32.DLL
0x00007ffc2b870000 - 0x00007ffc2ba8d000 	C:\WINDOWS\System32\KERNELBASE.dll
0x00007ffc2e5b0000 - 0x00007ffc2e652000 	C:\WINDOWS\System32\ADVAPI32.dll
0x00007ffc2e4a0000 - 0x00007ffc2e53e000 	C:\WINDOWS\System32\msvcrt.dll
0x00007ffc2e140000 - 0x00007ffc2e199000 	C:\WINDOWS\System32\sechost.dll
0x00007ffc2f170000 - 0x00007ffc2f291000 	C:\WINDOWS\System32\RPCRT4.dll
0x00007ffc2dfd0000 - 0x00007ffc2e135000 	C:\WINDOWS\System32\USER32.dll
0x00007ffc2bc10000 - 0x00007ffc2bc2e000 	C:\WINDOWS\System32\win32u.dll
0x00007ffc2dee0000 - 0x00007ffc2df14000 	C:\WINDOWS\System32\GDI32.dll
0x00007ffc2ba90000 - 0x00007ffc2bc10000 	C:\WINDOWS\System32\gdi32full.dll
0x00007ffc22170000 - 0x00007ffc223ea000 	C:\WINDOWS\WinSxS\amd64_microsoft.windows.common-controls_6595b64144ccf1df_6.0.14393.953_none_42151e83c686086b\COMCTL32.dll
0x00007ffc2e660000 - 0x00007ffc2e928000 	C:\WINDOWS\System32\combase.dll
0x00007ffc2c5d0000 - 0x00007ffc2c6c5000 	C:\WINDOWS\System32\ucrtbase.dll
0x00007ffc2bc30000 - 0x00007ffc2bc9a000 	C:\WINDOWS\System32\bcryptPrimitives.dll
0x00007ffc2ea50000 - 0x00007ffc2ea7e000 	C:\WINDOWS\System32\IMM32.DLL
0x000000005eb70000 - 0x000000005ec42000 	C:\Program Files\Java\jdk1.8.0_121\jre\bin\msvcr100.dll
0x000000005d690000 - 0x000000005df2b000 	C:\Program Files\Java\jdk1.8.0_121\jre\bin\server\jvm.dll
0x00007ffc2f2a0000 - 0x00007ffc2f2a8000 	C:\WINDOWS\System32\PSAPI.DLL
0x00007ffc216f0000 - 0x00007ffc216fa000 	C:\WINDOWS\SYSTEM32\VERSION.dll
0x00007ffc1bdc0000 - 0x00007ffc1bdc9000 	C:\WINDOWS\SYSTEM32\WSOCK32.dll
0x00007ffc29ce0000 - 0x00007ffc29d03000 	C:\WINDOWS\SYSTEM32\WINMM.dll
0x00007ffc2eae0000 - 0x00007ffc2eb4a000 	C:\WINDOWS\System32\WS2_32.dll
0x0000000002b60000 - 0x0000000002b8b000 	C:\WINDOWS\SYSTEM32\WINMMBASE.dll
0x00007ffc2c4d0000 - 0x00007ffc2c512000 	C:\WINDOWS\System32\cfgmgr32.dll
0x000000005ee20000 - 0x000000005ee2f000 	C:\Program Files\Java\jdk1.8.0_121\jre\bin\verify.dll
0x000000005edf0000 - 0x000000005ee19000 	C:\Program Files\Java\jdk1.8.0_121\jre\bin\java.dll
0x000000005edd0000 - 0x000000005ede6000 	C:\Program Files\Java\jdk1.8.0_121\jre\bin\zip.dll
0x00007ffc2c9d0000 - 0x00007ffc2ded8000 	C:\WINDOWS\System32\SHELL32.dll
0x00007ffc2bd40000 - 0x00007ffc2c41a000 	C:\WINDOWS\System32\windows.storage.dll
0x00007ffc2b810000 - 0x00007ffc2b85c000 	C:\WINDOWS\System32\powrprof.dll
0x00007ffc2c900000 - 0x00007ffc2c952000 	C:\WINDOWS\System32\shlwapi.dll
0x00007ffc2b800000 - 0x00007ffc2b80f000 	C:\WINDOWS\System32\kernel.appcore.dll
0x00007ffc2c420000 - 0x00007ffc2c4c9000 	C:\WINDOWS\System32\shcore.dll
0x00007ffc2b7e0000 - 0x00007ffc2b7f4000 	C:\WINDOWS\System32\profapi.dll
0x000000005edb0000 - 0x000000005edca000 	C:\Program Files\Java\jdk1.8.0_121\jre\bin\net.dll
0x00007ffc2b110000 - 0x00007ffc2b16c000 	C:\WINDOWS\system32\mswsock.dll
0x000000005ed90000 - 0x000000005eda1000 	C:\Program Files\Java\jdk1.8.0_121\jre\bin\nio.dll
0x00007ffc09920000 - 0x00007ffc0993e000 	C:\Users\«Â÷Ò‰ÏœÊ\.gradle\native\23\windows-amd64\native-platform.dll
0x00007ffc2b2b0000 - 0x00007ffc2b2c7000 	C:\WINDOWS\SYSTEM32\CRYPTSP.dll
0x00007ffc2ad10000 - 0x00007ffc2ad43000 	C:\WINDOWS\system32\rsaenh.dll
0x00007ffc2b3c0000 - 0x00007ffc2b3eb000 	C:\WINDOWS\SYSTEM32\bcrypt.dll
0x00007ffc2af90000 - 0x00007ffc2afaf000 	C:\WINDOWS\SYSTEM32\USERENV.dll
0x00007ffc2b2d0000 - 0x00007ffc2b2db000 	C:\WINDOWS\SYSTEM32\CRYPTBASE.dll
0x00007ffc2ae90000 - 0x00007ffc2aec8000 	C:\WINDOWS\SYSTEM32\IPHLPAPI.DLL
0x00007ffc2e5a0000 - 0x00007ffc2e5a8000 	C:\WINDOWS\System32\NSI.dll
0x00007ffc22b30000 - 0x00007ffc22b46000 	C:\WINDOWS\SYSTEM32\dhcpcsvc6.DLL
0x00007ffc22ae0000 - 0x00007ffc22afa000 	C:\WINDOWS\SYSTEM32\dhcpcsvc.DLL
0x000000005ed80000 - 0x000000005ed8d000 	C:\Program Files\Java\jdk1.8.0_121\jre\bin\management.dll
0x00007ffc2abe0000 - 0x00007ffc2ac12000 	C:\WINDOWS\SYSTEM32\ntmarta.dll
0x000000005eb40000 - 0x000000005eb64000 	C:\Program Files\Java\jdk1.8.0_121\jre\bin\sunec.dll
0x000000005eb30000 - 0x000000005eb3b000 	C:\Program Files\Java\jdk1.8.0_121\jre\bin\sunmscapi.dll
0x00007ffc2c730000 - 0x00007ffc2c8f9000 	C:\WINDOWS\System32\CRYPT32.dll
0x00007ffc2b860000 - 0x00007ffc2b870000 	C:\WINDOWS\System32\MSASN1.dll

VM Arguments:
jvm_args: -Xmx1536m -Dfile.encoding=GBK -Duser.country=CN -Duser.language=zh -Duser.variant 
java_command: org.gradle.launcher.daemon.bootstrap.GradleDaemon 3.3
java_class_path (initial): C:\Users\«Â÷Ò‰ÏœÊ\.gradle\wrapper\dists\gradle-3.3-all\55gk2rcmfc6p2dg9u9ohc3hw9\gradle-3.3\lib\gradle-launcher-3.3.jar
Launcher Type: SUN_STANDARD

Environment Variables:
CLASSPATH=C:\Program Files\Java\jdk1.8.0_121\lib\dt.jar;C:\Program Files\Java\jdk1.8.0_121\lib\tools.jar;
PATH=C:\ProgramData\Oracle\Java\javapath;C:\Program Files\Java\jdk1.8.0_121\bin;C:\WINDOWS\system32;C:\WINDOWS;C:\WINDOWS\System32\Wbem;C:\WINDOWS\System32\WindowsPowerShell\v1.0\;C:\Program Files\Microsoft SQL Server\120\DTS\Binn\;C:\Program Files\Microsoft SQL Server\Client SDK\ODBC\110\Tools\Binn\;C:\Program Files (x86)\Microsoft SQL Server\120\Tools\Binn\;C:\Program Files\Microsoft SQL Server\120\Tools\Binn\;C:\Program Files (x86)\Microsoft SQL Server\120\Tools\Binn\ManagementStudio\;C:\Program Files (x86)\Microsoft SQL Server\120\DTS\Binn\;F:\software\matlab\runtime\win64;F:\software\matlab\bin;F:\software\matlab\polyspace\bin;C:\Program Files\Microsoft SQL Server\130\Tools\Binn\;F:\software\Git\Git\cmd;C:\Program Files\Java\jdk1.8.0_121\bin;;C:\Users\«Â÷Ò‰ÏœÊ\AppData\Local\Microsoft\WindowsApps
USERNAME=«Â÷Ò‰ÏœÊ
OS=Windows_NT
PROCESSOR_IDENTIFIER=Intel64 Family 6 Model 69 Stepping 1, GenuineIntel



---------------  S Y S T E M  ---------------

OS: Windows 10.0 , 64 bit Build 14393 (10.0.14393.1198)

CPU:total 4 (2 cores per cpu, 2 threads per core) family 6 model 69 stepping 1, cmov, cx8, fxsr, mmx, sse, sse2, sse3, ssse3, sse4.1, sse4.2, popcnt, avx, avx2, aes, clmul, erms, lzcnt, ht, tsc, tscinvbit, bmi1, bmi2

Memory: 4k page, physical 8268980k(1016212k free), swap 8268980k(4368k free)

vm_info: Java HotSpot(TM) 64-Bit Server VM (25.121-b13) for windows-amd64 JRE (1.8.0_121-b13), built on Dec 12 2016 18:21:36 by "java_re" with MS VC++ 10.0 (VS2010)

time: Mon Nov 06 20:05:56 2017
elapsed time: 505 seconds (0d 0h 8m 25s)

